<?xml version="1.0" encoding="UTF-8"?>
<!-- Generated by org.testng.reporters.JUnitXMLReporter -->
<testsuite hostname="CHETAN" name="Surefire test" tests="9" failures="0" timestamp="25 Jul 2018 16:52:25 GMT" time="325.751" errors="0">
  <testcase name="verifyContactsLinkTest" time="2.8" classname="com.crm.tests.HomePageTest"/>
  <testcase name="verifyHomePageTitleTest" time="0.054" classname="com.crm.tests.HomePageTest"/>
  <testcase name="validateNewContactLinktest" time="5.124" classname="com.crm.tests.HomePageTest"/>
  <testcase name="validateDeals" time="4.102" classname="com.crm.tests.HomePageTest"/>
  <testcase name="validateTasks" time="3.261" classname="com.crm.tests.HomePageTest"/>
  <testcase name="validateContactSubmenuOption" time="0.18" classname="com.crm.tests.HomePageTest"/>
  <testcase name="loginPageTitleTest" time="0.028" classname="com.crm.tests.LoginPageTest"/>
  <testcase name="crmLogoImageTest" time="0.236" classname="com.crm.tests.LoginPageTest"/>
  <testcase name="loginTest" time="12.423" classname="com.crm.tests.LoginPageTest"/>
</testsuite> <!-- Surefire test -->
