<?xml version="1.0" encoding="UTF-8"?>
<!-- Generated by org.testng.reporters.JUnitXMLReporter -->
<testsuite hostname="CHETAN" ignored="0" name="Test" tests="8" failures="0" timestamp="2018-09-16T22:35:05 IST" time="440.335" errors="0">
  <testcase name="verifyContactsLinkTest" time="4.442" classname="com.crm.tests.HomePageTest"/>
  <testcase name="verifyHomePageTitleTest" time="0.05" classname="com.crm.tests.HomePageTest"/>
  <testcase name="validateNewContactLinktest" time="7.383" classname="com.crm.tests.HomePageTest"/>
  <testcase name="validateDeals" time="7.925" classname="com.crm.tests.HomePageTest"/>
  <testcase name="validateTasks" time="6.638" classname="com.crm.tests.HomePageTest"/>
  <testcase name="validateContactSubmenuOption" time="0.989" classname="com.crm.tests.HomePageTest"/>
  <testcase name="validateDealSubmenuOption" time="1.155" classname="com.crm.tests.HomePageTest"/>
  <testcase name="validateTaskSubmenuOption" time="0.924" classname="com.crm.tests.HomePageTest"/>
</testsuite> <!-- Test -->
