<?xml version="1.0" encoding="UTF-8"?>
<testng-results skipped="0" failed="0" total="9" passed="9">
  <reporter-output>
  </reporter-output>
  <suite name="Surefire suite" duration-ms="325751" started-at="2018-07-25T16:46:59Z" finished-at="2018-07-25T16:52:25Z">
    <groups>
    </groups>
    <test name="Surefire test" duration-ms="325751" started-at="2018-07-25T16:46:59Z" finished-at="2018-07-25T16:52:25Z">
      <class name="com.crm.tests.HomePageTest">
        <test-method status="PASS" signature="setUp()[pri:0, instance:com.crm.tests.HomePageTest@6df97b55]" name="setUp" is-config="true" duration-ms="31315" started-at="2018-07-25T22:16:59Z" finished-at="2018-07-25T22:17:31Z">
          <reporter-output>
          </reporter-output>
        </test-method> <!-- setUp -->
        <test-method status="PASS" signature="verifyContactsLinkTest()[pri:0, instance:com.crm.tests.HomePageTest@6df97b55]" name="verifyContactsLinkTest" duration-ms="2800" started-at="2018-07-25T22:17:31Z" finished-at="2018-07-25T22:17:34Z">
          <reporter-output>
          </reporter-output>
        </test-method> <!-- verifyContactsLinkTest -->
        <test-method status="PASS" signature="tearDown()[pri:0, instance:com.crm.tests.HomePageTest@6df97b55]" name="tearDown" is-config="true" duration-ms="1097" started-at="2018-07-25T22:17:34Z" finished-at="2018-07-25T22:17:35Z">
          <reporter-output>
          </reporter-output>
        </test-method> <!-- tearDown -->
        <test-method status="PASS" signature="setUp()[pri:0, instance:com.crm.tests.HomePageTest@6df97b55]" name="setUp" is-config="true" duration-ms="33635" started-at="2018-07-25T22:17:35Z" finished-at="2018-07-25T22:18:08Z">
          <reporter-output>
          </reporter-output>
        </test-method> <!-- setUp -->
        <test-method status="PASS" signature="verifyHomePageTitleTest()[pri:0, instance:com.crm.tests.HomePageTest@6df97b55]" name="verifyHomePageTitleTest" duration-ms="54" started-at="2018-07-25T22:18:08Z" finished-at="2018-07-25T22:18:08Z">
          <reporter-output>
          </reporter-output>
        </test-method> <!-- verifyHomePageTitleTest -->
        <test-method status="PASS" signature="tearDown()[pri:0, instance:com.crm.tests.HomePageTest@6df97b55]" name="tearDown" is-config="true" duration-ms="1120" started-at="2018-07-25T22:18:08Z" finished-at="2018-07-25T22:18:09Z">
          <reporter-output>
          </reporter-output>
        </test-method> <!-- tearDown -->
        <test-method status="PASS" signature="setUp()[pri:0, instance:com.crm.tests.HomePageTest@6df97b55]" name="setUp" is-config="true" duration-ms="40082" started-at="2018-07-25T22:18:09Z" finished-at="2018-07-25T22:18:50Z">
          <reporter-output>
          </reporter-output>
        </test-method> <!-- setUp -->
        <test-method status="PASS" signature="validateNewContactLinktest()[pri:0, instance:com.crm.tests.HomePageTest@6df97b55]" name="validateNewContactLinktest" duration-ms="5124" started-at="2018-07-25T22:18:50Z" finished-at="2018-07-25T22:18:55Z">
          <reporter-output>
          </reporter-output>
        </test-method> <!-- validateNewContactLinktest -->
        <test-method status="PASS" signature="tearDown()[pri:0, instance:com.crm.tests.HomePageTest@6df97b55]" name="tearDown" is-config="true" duration-ms="1472" started-at="2018-07-25T22:18:55Z" finished-at="2018-07-25T22:18:56Z">
          <reporter-output>
          </reporter-output>
        </test-method> <!-- tearDown -->
        <test-method status="PASS" signature="setUp()[pri:0, instance:com.crm.tests.HomePageTest@6df97b55]" name="setUp" is-config="true" duration-ms="45605" started-at="2018-07-25T22:18:56Z" finished-at="2018-07-25T22:19:42Z">
          <reporter-output>
          </reporter-output>
        </test-method> <!-- setUp -->
        <test-method status="PASS" signature="validateDeals()[pri:0, instance:com.crm.tests.HomePageTest@6df97b55]" name="validateDeals" duration-ms="4102" started-at="2018-07-25T22:19:42Z" finished-at="2018-07-25T22:19:46Z">
          <reporter-output>
          </reporter-output>
        </test-method> <!-- validateDeals -->
        <test-method status="PASS" signature="tearDown()[pri:0, instance:com.crm.tests.HomePageTest@6df97b55]" name="tearDown" is-config="true" duration-ms="1278" started-at="2018-07-25T22:19:46Z" finished-at="2018-07-25T22:19:47Z">
          <reporter-output>
          </reporter-output>
        </test-method> <!-- tearDown -->
        <test-method status="PASS" signature="setUp()[pri:0, instance:com.crm.tests.HomePageTest@6df97b55]" name="setUp" is-config="true" duration-ms="65549" started-at="2018-07-25T22:19:47Z" finished-at="2018-07-25T22:20:53Z">
          <reporter-output>
          </reporter-output>
        </test-method> <!-- setUp -->
        <test-method status="PASS" signature="validateTasks()[pri:0, instance:com.crm.tests.HomePageTest@6df97b55]" name="validateTasks" duration-ms="3261" started-at="2018-07-25T22:20:53Z" finished-at="2018-07-25T22:20:56Z">
          <reporter-output>
          </reporter-output>
        </test-method> <!-- validateTasks -->
        <test-method status="PASS" signature="tearDown()[pri:0, instance:com.crm.tests.HomePageTest@6df97b55]" name="tearDown" is-config="true" duration-ms="1162" started-at="2018-07-25T22:20:56Z" finished-at="2018-07-25T22:20:57Z">
          <reporter-output>
          </reporter-output>
        </test-method> <!-- tearDown -->
        <test-method status="PASS" signature="setUp()[pri:0, instance:com.crm.tests.HomePageTest@6df97b55]" name="setUp" is-config="true" duration-ms="35222" started-at="2018-07-25T22:20:57Z" finished-at="2018-07-25T22:21:32Z">
          <reporter-output>
          </reporter-output>
        </test-method> <!-- setUp -->
        <test-method status="PASS" signature="validateContactSubmenuOption()[pri:0, instance:com.crm.tests.HomePageTest@6df97b55]" name="validateContactSubmenuOption" duration-ms="180" started-at="2018-07-25T22:21:32Z" finished-at="2018-07-25T22:21:33Z">
          <reporter-output>
          </reporter-output>
        </test-method> <!-- validateContactSubmenuOption -->
        <test-method status="PASS" signature="tearDown()[pri:0, instance:com.crm.tests.HomePageTest@6df97b55]" name="tearDown" is-config="true" duration-ms="1069" started-at="2018-07-25T22:21:33Z" finished-at="2018-07-25T22:21:34Z">
          <reporter-output>
          </reporter-output>
        </test-method> <!-- tearDown -->
      </class> <!-- com.crm.tests.HomePageTest -->
      <class name="com.crm.tests.LoginPageTest">
        <test-method status="PASS" signature="setUp()[pri:0, instance:com.crm.tests.LoginPageTest@3567135c]" name="setUp" is-config="true" duration-ms="12082" started-at="2018-07-25T22:21:34Z" finished-at="2018-07-25T22:21:46Z">
          <reporter-output>
          </reporter-output>
        </test-method> <!-- setUp -->
        <test-method status="PASS" signature="loginPageTitleTest()[pri:0, instance:com.crm.tests.LoginPageTest@3567135c]" name="loginPageTitleTest" duration-ms="28" started-at="2018-07-25T22:21:46Z" finished-at="2018-07-25T22:21:46Z">
          <reporter-output>
          </reporter-output>
        </test-method> <!-- loginPageTitleTest -->
        <test-method status="PASS" signature="tearDown()[pri:0, instance:com.crm.tests.LoginPageTest@3567135c]" name="tearDown" is-config="true" duration-ms="979" started-at="2018-07-25T22:21:46Z" finished-at="2018-07-25T22:21:47Z">
          <reporter-output>
          </reporter-output>
        </test-method> <!-- tearDown -->
        <test-method status="PASS" signature="setUp()[pri:0, instance:com.crm.tests.LoginPageTest@3567135c]" name="setUp" is-config="true" duration-ms="11848" started-at="2018-07-25T22:21:47Z" finished-at="2018-07-25T22:21:59Z">
          <reporter-output>
          </reporter-output>
        </test-method> <!-- setUp -->
        <test-method status="PASS" signature="crmLogoImageTest()[pri:0, instance:com.crm.tests.LoginPageTest@3567135c]" name="crmLogoImageTest" duration-ms="236" started-at="2018-07-25T22:21:59Z" finished-at="2018-07-25T22:21:59Z">
          <reporter-output>
          </reporter-output>
        </test-method> <!-- crmLogoImageTest -->
        <test-method status="PASS" signature="tearDown()[pri:0, instance:com.crm.tests.LoginPageTest@3567135c]" name="tearDown" is-config="true" duration-ms="1135" started-at="2018-07-25T22:21:59Z" finished-at="2018-07-25T22:22:00Z">
          <reporter-output>
          </reporter-output>
        </test-method> <!-- tearDown -->
        <test-method status="PASS" signature="setUp()[pri:0, instance:com.crm.tests.LoginPageTest@3567135c]" name="setUp" is-config="true" duration-ms="11824" started-at="2018-07-25T22:22:00Z" finished-at="2018-07-25T22:22:12Z">
          <reporter-output>
          </reporter-output>
        </test-method> <!-- setUp -->
        <test-method status="PASS" signature="loginTest()[pri:0, instance:com.crm.tests.LoginPageTest@3567135c]" name="loginTest" duration-ms="12423" started-at="2018-07-25T22:22:12Z" finished-at="2018-07-25T22:22:24Z">
          <reporter-output>
          </reporter-output>
        </test-method> <!-- loginTest -->
        <test-method status="PASS" signature="tearDown()[pri:0, instance:com.crm.tests.LoginPageTest@3567135c]" name="tearDown" is-config="true" duration-ms="1039" started-at="2018-07-25T22:22:24Z" finished-at="2018-07-25T22:22:25Z">
          <reporter-output>
          </reporter-output>
        </test-method> <!-- tearDown -->
      </class> <!-- com.crm.tests.LoginPageTest -->
    </test> <!-- Surefire test -->
  </suite> <!-- Surefire suite -->
</testng-results>
