<?xml version="1.0" encoding="UTF-8"?>
<testng-results skipped="0" failed="0" ignored="0" total="8" passed="8">
  <reporter-output>
  </reporter-output>
  <suite name="Automation of FreeCRM" duration-ms="440335" started-at="2018-09-16T22:27:42 IST" finished-at="2018-09-16T22:35:02 IST">
    <groups>
    </groups>
    <test name="Test" duration-ms="440335" started-at="2018-09-16T22:27:42 IST" finished-at="2018-09-16T22:35:02 IST">
      <class name="com.crm.tests.HomePageTest">
        <test-method status="PASS" signature="setUp()[pri:0, instance:com.crm.tests.HomePageTest@4b9e13df]" name="setUp" is-config="true" duration-ms="82003" started-at="2018-09-16T22:27:42 IST" finished-at="2018-09-16T22:29:04 IST">
          <reporter-output>
          </reporter-output>
        </test-method> <!-- setUp -->
        <test-method status="PASS" signature="verifyContactsLinkTest()[pri:1, instance:com.crm.tests.HomePageTest@4b9e13df]" name="verifyContactsLinkTest" duration-ms="4442" started-at="2018-09-16T22:29:04 IST" finished-at="2018-09-16T22:29:09 IST">
          <reporter-output>
          </reporter-output>
        </test-method> <!-- verifyContactsLinkTest -->
        <test-method status="PASS" signature="tearDown()[pri:0, instance:com.crm.tests.HomePageTest@4b9e13df]" name="tearDown" is-config="true" duration-ms="1804" started-at="2018-09-16T22:29:09 IST" finished-at="2018-09-16T22:29:11 IST">
          <reporter-output>
          </reporter-output>
        </test-method> <!-- tearDown -->
        <test-method status="PASS" signature="setUp()[pri:0, instance:com.crm.tests.HomePageTest@4b9e13df]" name="setUp" is-config="true" duration-ms="38542" started-at="2018-09-16T22:29:11 IST" finished-at="2018-09-16T22:29:49 IST">
          <reporter-output>
          </reporter-output>
        </test-method> <!-- setUp -->
        <test-method status="PASS" signature="verifyHomePageTitleTest()[pri:2, instance:com.crm.tests.HomePageTest@4b9e13df]" name="verifyHomePageTitleTest" duration-ms="50" started-at="2018-09-16T22:29:49 IST" finished-at="2018-09-16T22:29:49 IST">
          <reporter-output>
          </reporter-output>
        </test-method> <!-- verifyHomePageTitleTest -->
        <test-method status="PASS" signature="tearDown()[pri:0, instance:com.crm.tests.HomePageTest@4b9e13df]" name="tearDown" is-config="true" duration-ms="1264" started-at="2018-09-16T22:29:49 IST" finished-at="2018-09-16T22:29:50 IST">
          <reporter-output>
          </reporter-output>
        </test-method> <!-- tearDown -->
        <test-method status="PASS" signature="setUp()[pri:0, instance:com.crm.tests.HomePageTest@4b9e13df]" name="setUp" is-config="true" duration-ms="37044" started-at="2018-09-16T22:29:50 IST" finished-at="2018-09-16T22:30:28 IST">
          <reporter-output>
          </reporter-output>
        </test-method> <!-- setUp -->
        <test-method status="PASS" signature="validateNewContactLinktest()[pri:3, instance:com.crm.tests.HomePageTest@4b9e13df]" name="validateNewContactLinktest" duration-ms="7383" started-at="2018-09-16T22:30:28 IST" finished-at="2018-09-16T22:30:35 IST">
          <reporter-output>
          </reporter-output>
        </test-method> <!-- validateNewContactLinktest -->
        <test-method status="PASS" signature="tearDown()[pri:0, instance:com.crm.tests.HomePageTest@4b9e13df]" name="tearDown" is-config="true" duration-ms="1189" started-at="2018-09-16T22:30:35 IST" finished-at="2018-09-16T22:30:36 IST">
          <reporter-output>
          </reporter-output>
        </test-method> <!-- tearDown -->
        <test-method status="PASS" signature="setUp()[pri:0, instance:com.crm.tests.HomePageTest@4b9e13df]" name="setUp" is-config="true" duration-ms="48783" started-at="2018-09-16T22:30:36 IST" finished-at="2018-09-16T22:31:25 IST">
          <reporter-output>
          </reporter-output>
        </test-method> <!-- setUp -->
        <test-method status="PASS" signature="validateDeals()[pri:4, instance:com.crm.tests.HomePageTest@4b9e13df]" name="validateDeals" duration-ms="7925" started-at="2018-09-16T22:31:25 IST" finished-at="2018-09-16T22:31:33 IST">
          <reporter-output>
          </reporter-output>
        </test-method> <!-- validateDeals -->
        <test-method status="PASS" signature="tearDown()[pri:0, instance:com.crm.tests.HomePageTest@4b9e13df]" name="tearDown" is-config="true" duration-ms="1851" started-at="2018-09-16T22:31:33 IST" finished-at="2018-09-16T22:31:35 IST">
          <reporter-output>
          </reporter-output>
        </test-method> <!-- tearDown -->
        <test-method status="PASS" signature="setUp()[pri:0, instance:com.crm.tests.HomePageTest@4b9e13df]" name="setUp" is-config="true" duration-ms="42173" started-at="2018-09-16T22:31:35 IST" finished-at="2018-09-16T22:32:17 IST">
          <reporter-output>
          </reporter-output>
        </test-method> <!-- setUp -->
        <test-method status="PASS" signature="validateTasks()[pri:5, instance:com.crm.tests.HomePageTest@4b9e13df]" name="validateTasks" duration-ms="6638" started-at="2018-09-16T22:32:17 IST" finished-at="2018-09-16T22:32:23 IST">
          <reporter-output>
          </reporter-output>
        </test-method> <!-- validateTasks -->
        <test-method status="PASS" signature="tearDown()[pri:0, instance:com.crm.tests.HomePageTest@4b9e13df]" name="tearDown" is-config="true" duration-ms="4447" started-at="2018-09-16T22:32:23 IST" finished-at="2018-09-16T22:32:28 IST">
          <reporter-output>
          </reporter-output>
        </test-method> <!-- tearDown -->
        <test-method status="PASS" signature="setUp()[pri:0, instance:com.crm.tests.HomePageTest@4b9e13df]" name="setUp" is-config="true" duration-ms="54326" started-at="2018-09-16T22:32:28 IST" finished-at="2018-09-16T22:33:22 IST">
          <reporter-output>
          </reporter-output>
        </test-method> <!-- setUp -->
        <test-method status="PASS" signature="validateContactSubmenuOption()[pri:6, instance:com.crm.tests.HomePageTest@4b9e13df]" name="validateContactSubmenuOption" duration-ms="989" started-at="2018-09-16T22:33:22 IST" finished-at="2018-09-16T22:33:23 IST">
          <reporter-output>
          </reporter-output>
        </test-method> <!-- validateContactSubmenuOption -->
        <test-method status="PASS" signature="tearDown()[pri:0, instance:com.crm.tests.HomePageTest@4b9e13df]" name="tearDown" is-config="true" duration-ms="1444" started-at="2018-09-16T22:33:23 IST" finished-at="2018-09-16T22:33:25 IST">
          <reporter-output>
          </reporter-output>
        </test-method> <!-- tearDown -->
        <test-method status="PASS" signature="setUp()[pri:0, instance:com.crm.tests.HomePageTest@4b9e13df]" name="setUp" is-config="true" duration-ms="53654" started-at="2018-09-16T22:33:25 IST" finished-at="2018-09-16T22:34:18 IST">
          <reporter-output>
          </reporter-output>
        </test-method> <!-- setUp -->
        <test-method status="PASS" signature="validateDealSubmenuOption()[pri:7, instance:com.crm.tests.HomePageTest@4b9e13df]" name="validateDealSubmenuOption" duration-ms="1155" started-at="2018-09-16T22:34:18 IST" finished-at="2018-09-16T22:34:19 IST">
          <reporter-output>
          </reporter-output>
        </test-method> <!-- validateDealSubmenuOption -->
        <test-method status="PASS" signature="tearDown()[pri:0, instance:com.crm.tests.HomePageTest@4b9e13df]" name="tearDown" is-config="true" duration-ms="1067" started-at="2018-09-16T22:34:19 IST" finished-at="2018-09-16T22:34:21 IST">
          <reporter-output>
          </reporter-output>
        </test-method> <!-- tearDown -->
        <test-method status="PASS" signature="setUp()[pri:0, instance:com.crm.tests.HomePageTest@4b9e13df]" name="setUp" is-config="true" duration-ms="39154" started-at="2018-09-16T22:34:21 IST" finished-at="2018-09-16T22:35:00 IST">
          <reporter-output>
          </reporter-output>
        </test-method> <!-- setUp -->
        <test-method status="PASS" signature="validateTaskSubmenuOption()[pri:8, instance:com.crm.tests.HomePageTest@4b9e13df]" name="validateTaskSubmenuOption" duration-ms="924" started-at="2018-09-16T22:35:00 IST" finished-at="2018-09-16T22:35:01 IST">
          <reporter-output>
          </reporter-output>
        </test-method> <!-- validateTaskSubmenuOption -->
        <test-method status="PASS" signature="tearDown()[pri:0, instance:com.crm.tests.HomePageTest@4b9e13df]" name="tearDown" is-config="true" duration-ms="1757" started-at="2018-09-16T22:35:01 IST" finished-at="2018-09-16T22:35:02 IST">
          <reporter-output>
          </reporter-output>
        </test-method> <!-- tearDown -->
      </class> <!-- com.crm.tests.HomePageTest -->
    </test> <!-- Test -->
  </suite> <!-- Automation of FreeCRM -->
</testng-results>
